<?xml version="1.0" encoding="utf-8"?><testsuites name="pytest tests"><testsuite name="pytest" errors="0" failures="0" skipped="0" tests="21" time="2.259" timestamp="2026-02-24T14:15:56.412433+00:00" hostname="agent-env-583146f4-c348-4848-8e51-76b836f8d388"><testcase classname="backend.tests.test_holiday_api.TestHealth" name="test_health_ok" time="0.277" /><testcase classname="backend.tests.test_holiday_api.TestCountries" name="test_returns_200" time="0.073" /><testcase classname="backend.tests.test_holiday_api.TestCountries" name="test_returns_list" time="0.059" /><testcase classname="backend.tests.test_holiday_api.TestCountries" name="test_country_has_required_fields" time="0.057" /><testcase classname="backend.tests.test_holiday_api.TestCountries" name="test_contains_known_countries" time="0.071" /><testcase classname="backend.tests.test_holiday_api.TestCompare" name="test_single_country_valid" time="0.057" /><testcase classname="backend.tests.test_holiday_api.TestCompare" name="test_response_structure" time="0.090" /><testcase classname="backend.tests.test_holiday_api.TestCompare" name="test_response_year_matches_request" time="0.155" /><testcase classname="backend.tests.test_holiday_api.TestCompare" name="test_holidays_list_non_empty" time="0.097" /><testcase classname="backend.tests.test_holiday_api.TestCompare" name="test_holiday_item_structure" time="0.070" /><testcase classname="backend.tests.test_holiday_api.TestCompare" name="test_two_countries_overlap_detection" time="0.075" /><testcase classname="backend.tests.test_holiday_api.TestCompare" name="test_two_countries_returns_both" time="0.106" /><testcase classname="backend.tests.test_holiday_api.TestCompare" name="test_long_weekends_returned" time="0.066" /><testcase classname="backend.tests.test_holiday_api.TestCompare" name="test_long_weekend_structure" time="0.061" /><testcase classname="backend.tests.test_holiday_api.TestCompare" name="test_five_countries_accepted" time="0.356" /><testcase classname="backend.tests.test_holiday_api.TestCompare" name="test_too_many_countries_rejected" time="0.080" /><testcase classname="backend.tests.test_holiday_api.TestCompare" name="test_empty_country_list_rejected" time="0.057" /><testcase classname="backend.tests.test_holiday_api.TestCompare" name="test_overlap_flag_set_correctly" time="0.056" /><testcase classname="backend.tests.test_holiday_api.TestHolidaysEndpoint" name="test_us_holidays_2025" time="0.052" /><testcase classname="backend.tests.test_holiday_api.TestHolidaysEndpoint" name="test_holiday_fields" time="0.057" /><testcase classname="backend.tests.test_holiday_api.TestHolidaysEndpoint" name="test_invalid_country_404" time="0.146" /></testsuite></testsuites>