<?xml version="1.0" encoding="utf-8"?><testsuites name="pytest tests"><testsuite name="pytest" errors="0" failures="0" skipped="0" tests="7" time="0.927" timestamp="2026-02-25T09:33:51.819136+00:00" hostname="agent-env-fc53db93-4a2c-402c-a525-29b52bcb872c"><testcase classname="tests.test_holiday_compare.TestHealthEndpoint" name="test_health_check" time="0.162" /><testcase classname="tests.test_holiday_compare.TestCountriesEndpoint" name="test_get_countries" time="0.108" /><testcase classname="tests.test_holiday_compare.TestCompareEndpoint" name="test_compare_us_de_returns_long_weekends" time="0.112" /><testcase classname="tests.test_holiday_compare.TestCompareEndpoint" name="test_long_weekends_have_holidays_with_country_code" time="0.124" /><testcase classname="tests.test_holiday_compare.TestCompareEndpoint" name="test_january_long_weekend_has_correct_flags" time="0.105" /><testcase classname="tests.test_holiday_compare.TestCompareEndpoint" name="test_long_weekend_structure" time="0.115" /><testcase classname="tests.test_holiday_compare.TestOverlapsCount" name="test_overlaps_count" time="0.100" /></testsuite></testsuites>