<?xml version="1.0" encoding="utf-8"?><testsuites name="pytest tests"><testsuite name="pytest" errors="0" failures="0" skipped="0" tests="12" time="1.762" timestamp="2026-02-24T21:21:35.657908+00:00" hostname="agent-env-fc53db93-4a2c-402c-a525-29b52bcb872c"><testcase classname="backend.tests.test_app_version.TestAppVersionGet" name="test_returns_200" time="0.206" /><testcase classname="backend.tests.test_app_version.TestAppVersionGet" name="test_returns_required_fields" time="0.072" /><testcase classname="backend.tests.test_app_version.TestAppVersionGet" name="test_version_format" time="0.059" /><testcase classname="backend.tests.test_app_version.TestAppVersionGet" name="test_store_urls_valid" time="0.071" /><testcase classname="backend.tests.test_app_version.TestAppVersionPut" name="test_update_latest_version" time="0.075" /><testcase classname="backend.tests.test_app_version.TestAppVersionPut" name="test_update_persists_to_get" time="0.152" /><testcase classname="backend.tests.test_app_version.TestAppVersionPut" name="test_update_with_optional_fields" time="0.087" /><testcase classname="backend.tests.test_app_version.TestAppVersionPut" name="test_update_optional_persists" time="0.193" /><testcase classname="backend.tests.test_app_version.TestAppVersionPut" name="test_store_urls_always_present" time="0.077" /><testcase classname="backend.tests.test_app_version.TestAppVersionCleanup" name="test_reset_to_default" time="0.188" /><testcase classname="backend.tests.test_app_version.TestRegressionCountries" name="test_countries_still_works" time="0.078" /><testcase classname="backend.tests.test_app_version.TestRegressionCompare" name="test_compare_still_works" time="0.362" /></testsuite></testsuites>