<?xml version="1.0" encoding="utf-8"?><testsuites name="pytest tests"><testsuite name="pytest" errors="0" failures="0" skipped="0" tests="17" time="3.120" timestamp="2026-03-06T20:46:49.711763+00:00" hostname="agent-env-5d3fd7de-0ec9-40fa-be28-47e338b03fae"><testcase classname="tests.test_school_holidays.TestSchoolHolidayCountries" name="test_school_holiday_countries_returns_list" time="0.157" /><testcase classname="tests.test_school_holidays.TestSchoolHolidayCountries" name="test_school_holiday_countries_structure" time="0.121" /><testcase classname="tests.test_school_holidays.TestSchoolHolidayCountries" name="test_school_holiday_countries_contains_germany" time="0.174" /><testcase classname="tests.test_school_holidays.TestSchoolHolidayCountries" name="test_school_holiday_countries_contains_france" time="0.128" /><testcase classname="tests.test_school_holidays.TestSubdivisions" name="test_subdivisions_germany_returns_16" time="0.177" /><testcase classname="tests.test_school_holidays.TestSubdivisions" name="test_subdivisions_germany_structure" time="0.122" /><testcase classname="tests.test_school_holidays.TestSubdivisions" name="test_subdivisions_germany_contains_bavaria" time="0.118" /><testcase classname="tests.test_school_holidays.TestSubdivisions" name="test_subdivisions_country_without_subdivisions" time="0.541" /><testcase classname="tests.test_school_holidays.TestSubdivisions" name="test_subdivisions_case_insensitive" time="0.216" /><testcase classname="tests.test_school_holidays.TestSchoolHolidays" name="test_school_holidays_germany_2026" time="0.137" /><testcase classname="tests.test_school_holidays.TestSchoolHolidays" name="test_school_holidays_germany_structure" time="0.139" /><testcase classname="tests.test_school_holidays.TestSchoolHolidays" name="test_school_holidays_france_2026" time="0.143" /><testcase classname="tests.test_school_holidays.TestSchoolHolidays" name="test_school_holidays_with_subdivision_filter" time="0.264" /><testcase classname="tests.test_school_holidays.TestSchoolHolidays" name="test_school_holidays_sorted_by_date" time="0.148" /><testcase classname="tests.test_school_holidays.TestExistingEndpoints" name="test_health_endpoint" time="0.114" /><testcase classname="tests.test_school_holidays.TestExistingEndpoints" name="test_countries_endpoint" time="0.141" /><testcase classname="tests.test_school_holidays.TestExistingEndpoints" name="test_compare_endpoint" time="0.138" /></testsuite></testsuites>