<?xml version="1.0" encoding="utf-8"?><testsuites name="pytest tests"><testsuite name="pytest" errors="0" failures="0" skipped="0" tests="21" time="3.083" timestamp="2026-02-24T21:22:45.855652+00:00" hostname="agent-env-fc53db93-4a2c-402c-a525-29b52bcb872c"><testcase classname="backend.tests.test_holiday_api.TestHealth" name="test_health_ok" time="0.155" /><testcase classname="backend.tests.test_holiday_api.TestCountries" name="test_returns_200" time="0.064" /><testcase classname="backend.tests.test_holiday_api.TestCountries" name="test_returns_list" time="0.069" /><testcase classname="backend.tests.test_holiday_api.TestCountries" name="test_country_has_required_fields" time="0.079" /><testcase classname="backend.tests.test_holiday_api.TestCountries" name="test_contains_known_countries" time="0.069" /><testcase classname="backend.tests.test_holiday_api.TestCompare" name="test_single_country_valid" time="0.088" /><testcase classname="backend.tests.test_holiday_api.TestCompare" name="test_response_structure" time="0.087" /><testcase classname="backend.tests.test_holiday_api.TestCompare" name="test_response_year_matches_request" time="0.085" /><testcase classname="backend.tests.test_holiday_api.TestCompare" name="test_holidays_list_non_empty" time="0.076" /><testcase classname="backend.tests.test_holiday_api.TestCompare" name="test_holiday_item_structure" time="0.086" /><testcase classname="backend.tests.test_holiday_api.TestCompare" name="test_two_countries_overlap_detection" time="0.093" /><testcase classname="backend.tests.test_holiday_api.TestCompare" name="test_two_countries_returns_both" time="0.142" /><testcase classname="backend.tests.test_holiday_api.TestCompare" name="test_long_weekends_returned" time="0.123" /><testcase classname="backend.tests.test_holiday_api.TestCompare" name="test_long_weekend_structure" time="0.098" /><testcase classname="backend.tests.test_holiday_api.TestCompare" name="test_five_countries_accepted" time="0.436" /><testcase classname="backend.tests.test_holiday_api.TestCompare" name="test_too_many_countries_rejected" time="0.175" /><testcase classname="backend.tests.test_holiday_api.TestCompare" name="test_empty_country_list_rejected" time="0.061" /><testcase classname="backend.tests.test_holiday_api.TestCompare" name="test_overlap_flag_set_correctly" time="0.199" /><testcase classname="backend.tests.test_holiday_api.TestHolidaysEndpoint" name="test_us_holidays_2025" time="0.067" /><testcase classname="backend.tests.test_holiday_api.TestHolidaysEndpoint" name="test_holiday_fields" time="0.078" /><testcase classname="backend.tests.test_holiday_api.TestHolidaysEndpoint" name="test_invalid_country_404" time="0.634" /></testsuite></testsuites>