<?xml version="1.0" encoding="utf-8"?><testsuites name="pytest tests"><testsuite name="pytest" errors="0" failures="0" skipped="0" tests="7" time="1.104" timestamp="2026-03-06T22:40:07.296892+00:00" hostname="agent-env-ba796e63-865b-491f-8155-f2eea08f634f"><testcase classname="backend.tests.test_holiday_compare.TestHealthEndpoint" name="test_health_check" time="0.164" /><testcase classname="backend.tests.test_holiday_compare.TestCountriesEndpoint" name="test_get_countries" time="0.144" /><testcase classname="backend.tests.test_holiday_compare.TestCompareEndpoint" name="test_compare_us_de_returns_long_weekends" time="0.116" /><testcase classname="backend.tests.test_holiday_compare.TestCompareEndpoint" name="test_long_weekends_have_holidays_with_country_code" time="0.152" /><testcase classname="backend.tests.test_holiday_compare.TestCompareEndpoint" name="test_january_long_weekend_has_correct_flags" time="0.123" /><testcase classname="backend.tests.test_holiday_compare.TestCompareEndpoint" name="test_long_weekend_structure" time="0.109" /><testcase classname="backend.tests.test_holiday_compare.TestOverlapsCount" name="test_overlaps_count" time="0.184" /></testsuite></testsuites>